c:\users\kuungfu-sheep\documents\cocos\cocosprojects\hub\proj.win32\debug.win32\helloworldscene.obj
c:\users\kuungfu-sheep\documents\cocos\cocosprojects\hub\proj.win32\debug.win32\appdelegate.obj
c:\users\kuungfu-sheep\documents\cocos\cocosprojects\hub\proj.win32\debug.win32\main.obj
c:\users\kuungfu-sheep\documents\cocos\cocosprojects\hub\proj.win32\debug.win32\vc140.pdb
c:\users\kuungfu-sheep\documents\cocos\cocosprojects\hub\proj.win32\debug.win32\mainscene.obj
c:\users\kuungfu-sheep\documents\cocos\cocosprojects\hub\proj.win32\debug.win32\toolbarreader.obj
c:\users\kuungfu-sheep\documents\cocos\cocosprojects\hub\proj.win32\debug.win32\toolbar.obj
c:\users\kuungfu-sheep\documents\cocos\cocosprojects\hub\proj.win32\debug.win32\buttonmodule.obj
c:\users\kuungfu-sheep\documents\cocos\cocosprojects\hub\proj.win32\debug.win32\buttonmodulereader.obj
c:\users\kuungfu-sheep\documents\cocos\cocosprojects\hub\proj.win32\debug.win32\inge.obj
c:\users\kuungfu-sheep\documents\cocos\cocosprojects\hub\proj.win32\debug.win32\junction.obj
c:\users\kuungfu-sheep\documents\cocos\cocosprojects\hub\proj.win32\debug.win32\stdafx.obj
c:\users\kuungfu-sheep\documents\cocos\cocosprojects\hub\proj.win32\debug.win32\algoparcour.obj
c:\users\kuungfu-sheep\documents\cocos\cocosprojects\hub\proj.win32\debug.win32\module.obj
c:\users\kuungfu-sheep\documents\cocos\cocosprojects\hub\proj.win32\debug.win32\outge.obj
c:\users\kuungfu-sheep\documents\cocos\cocosprojects\hub\proj.win32\debug.win32\usablegraph.obj
c:\users\kuungfu-sheep\documents\cocos\cocosprojects\hub\proj.win32\debug.win32\fork.obj
c:\users\kuungfu-sheep\documents\cocos\cocosprojects\hub\proj.win32\debug.win32\link.obj
c:\users\kuungfu-sheep\documents\cocos\cocosprojects\hub\proj.win32\debug.win32\modulege.obj
c:\users\kuungfu-sheep\documents\cocos\cocosprojects\hub\proj.win32\debug.win32\parcourexos.obj
c:\users\kuungfu-sheep\documents\cocos\cocosprojects\hub\proj.win32\debug.win32\intersection.obj
c:\users\kuungfu-sheep\documents\cocos\cocosprojects\hub\proj.win32\debug.win32\modulenode.obj
c:\users\kuungfu-sheep\documents\cocos\cocosprojects\hub\proj.win32\debug.win32\pregraph.obj
c:\users\kuungfu-sheep\documents\cocos\cocosprojects\hub\proj.win32\debug.win32\vc140.idb
c:\users\kuungfu-sheep\documents\cocos\cocosprojects\hub\proj.win32\debug.win32\hub.lib
c:\users\kuungfu-sheep\documents\cocos\cocosprojects\hub\proj.win32\debug.win32\hub.exp
c:\users\kuungfu-sheep\documents\cocos\cocosprojects\hub\proj.win32\hub.cab
c:\users\kuungfu-sheep\documents\cocos\cocosprojects\hub\proj.win32\debug.win32\hub.ilk
c:\users\kuungfu-sheep\documents\cocos\cocosprojects\hub\proj.win32\debug.win32\hub.exe
c:\users\kuungfu-sheep\documents\cocos\cocosprojects\hub\proj.win32\debug.win32\hub.pdb
c:\users\kuungfu-sheep\documents\cocos\cocosprojects\hub\proj.win32\debug.win32\game.res
c:\users\kuungfu-sheep\documents\cocos\cocosprojects\hub\proj.win32\debug.win32\modules.xml
c:\users\kuungfu-sheep\documents\cocos\cocosprojects\hub\proj.win32\debug.win32\hub.tlog\cl.command.1.tlog
c:\users\kuungfu-sheep\documents\cocos\cocosprojects\hub\proj.win32\debug.win32\hub.tlog\cl.read.1.tlog
c:\users\kuungfu-sheep\documents\cocos\cocosprojects\hub\proj.win32\debug.win32\hub.tlog\cl.write.1.tlog
c:\users\kuungfu-sheep\documents\cocos\cocosprojects\hub\proj.win32\debug.win32\hub.tlog\hub.write.1u.tlog
c:\users\kuungfu-sheep\documents\cocos\cocosprojects\hub\proj.win32\debug.win32\hub.tlog\link.command.1.tlog
c:\users\kuungfu-sheep\documents\cocos\cocosprojects\hub\proj.win32\debug.win32\hub.tlog\link.read.1.tlog
c:\users\kuungfu-sheep\documents\cocos\cocosprojects\hub\proj.win32\debug.win32\hub.tlog\link.write.1.tlog
c:\users\kuungfu-sheep\documents\cocos\cocosprojects\hub\proj.win32\debug.win32\hub.tlog\rc.command.1.tlog
c:\users\kuungfu-sheep\documents\cocos\cocosprojects\hub\proj.win32\debug.win32\hub.tlog\rc.read.1.tlog
c:\users\kuungfu-sheep\documents\cocos\cocosprojects\hub\proj.win32\debug.win32\hub.tlog\rc.write.1.tlog
