c:\users\guillaume\documents\efrei\pa8\dottodot\proj.win32\debug.win32\mainscene.obj
c:\users\guillaume\documents\efrei\pa8\dottodot\proj.win32\debug.win32\main.obj
c:\users\guillaume\documents\efrei\pa8\dottodot\proj.win32\debug.win32\appdelegate.obj
c:\users\guillaume\documents\efrei\pa8\dottodot\proj.win32\debug.win32\dot.obj
c:\users\guillaume\documents\efrei\pa8\dottodot\proj.win32\debug.win32\dottodot.obj
c:\users\guillaume\documents\efrei\pa8\dottodot\proj.win32\debug.win32\vc140.pdb
c:\users\guillaume\documents\efrei\pa8\dottodot\proj.win32\debug.win32\vc140.idb
c:\users\guillaume\documents\efrei\pa8\dottodot\proj.win32\debug.win32\exercice.obj
c:\users\guillaume\documents\efrei\pa8\dottodot\proj.win32\debug.win32\learninglist.obj
c:\users\guillaume\documents\efrei\pa8\dottodot\proj.win32\debug.win32\moverequirement.obj
c:\users\guillaume\documents\efrei\pa8\dottodot\proj.win32\debug.win32\requirementlist.obj
c:\users\guillaume\documents\efrei\pa8\dottodot\proj.win32\debug.win32\subjectrequirement.obj
c:\users\guillaume\documents\efrei\pa8\dottodot\proj.win32\debug.win32\exception.obj
c:\users\guillaume\documents\efrei\pa8\dottodot\proj.win32\debug.win32\learning.obj
c:\users\guillaume\documents\efrei\pa8\dottodot\proj.win32\debug.win32\movelearning.obj
c:\users\guillaume\documents\efrei\pa8\dottodot\proj.win32\debug.win32\requirement.obj
c:\users\guillaume\documents\efrei\pa8\dottodot\proj.win32\debug.win32\subjectlearning.obj
c:\users\guillaume\documents\efrei\pa8\dottodot\proj.win32\debug.win32\tinyxml2.obj
c:\users\guillaume\documents\efrei\pa8\dottodot\proj.win32\debug.win32\parser.obj
c:\users\guillaume\documents\efrei\pa8\dottodot\proj.win32\debug.win32\dottodot.lib
c:\users\guillaume\documents\efrei\pa8\dottodot\proj.win32\debug.win32\dottodot.exp
c:\users\guillaume\documents\efrei\pa8\dottodot\proj.win32\debug.win32\dottodot.ilk
c:\users\guillaume\documents\efrei\pa8\dottodot\proj.win32\debug.win32\dottodot.exe
c:\users\guillaume\documents\efrei\pa8\dottodot\proj.win32\debug.win32\dottodot.pdb
c:\users\guillaume\documents\efrei\pa8\dottodot\proj.win32\debug.win32\game.res
c:\users\guillaume\documents\efrei\pa8\dottodot\proj.win32\debug.win32\dottodot.tlog\cl.command.1.tlog
c:\users\guillaume\documents\efrei\pa8\dottodot\proj.win32\debug.win32\dottodot.tlog\cl.read.1.tlog
c:\users\guillaume\documents\efrei\pa8\dottodot\proj.win32\debug.win32\dottodot.tlog\cl.write.1.tlog
c:\users\guillaume\documents\efrei\pa8\dottodot\proj.win32\debug.win32\dottodot.tlog\dottodot.write.1u.tlog
c:\users\guillaume\documents\efrei\pa8\dottodot\proj.win32\debug.win32\dottodot.tlog\link.command.1.tlog
c:\users\guillaume\documents\efrei\pa8\dottodot\proj.win32\debug.win32\dottodot.tlog\link.read.1.tlog
c:\users\guillaume\documents\efrei\pa8\dottodot\proj.win32\debug.win32\dottodot.tlog\link.write.1.tlog
c:\users\guillaume\documents\efrei\pa8\dottodot\proj.win32\debug.win32\dottodot.tlog\rc.command.1.tlog
c:\users\guillaume\documents\efrei\pa8\dottodot\proj.win32\debug.win32\dottodot.tlog\rc.read.1.tlog
c:\users\guillaume\documents\efrei\pa8\dottodot\proj.win32\debug.win32\dottodot.tlog\rc.write.1.tlog
